<?xml version="1.0" encoding="UTF-8"?>
<testng-results skipped="0" failed="0" ignored="0" total="2" passed="2">
  <reporter-output>
  </reporter-output>
  <suite name="Default suite" duration-ms="1849" started-at="2020-03-30T15:19:26 EDT" finished-at="2020-03-30T15:19:27 EDT">
    <groups>
    </groups>
    <test name="Default test" duration-ms="1849" started-at="2020-03-30T15:19:26 EDT" finished-at="2020-03-30T15:19:27 EDT">
      <class name="mockAPIDataDriven.DataDrivenExample1">
        <test-method status="PASS" signature="test_1(java.lang.String, java.lang.String, int)[pri:0, instance:mockAPIDataDriven.DataDrivenExample1@a7e666]" name="test_1" duration-ms="1745" started-at="2020-03-30T15:19:26 EDT" data-provider="DataForPost" finished-at="2020-03-30T15:19:27 EDT">
          <params>
            <param index="0">
              <value>
                <![CDATA[Alont]]>
              </value>
            </param>
            <param index="1">
              <value>
                <![CDATA[Sok]]>
              </value>
            </param>
            <param index="2">
              <value>
                <![CDATA[2]]>
              </value>
            </param>
          </params>
          <reporter-output>
          </reporter-output>
        </test-method> <!-- test_1 -->
        <test-method status="PASS" signature="test_1(java.lang.String, java.lang.String, int)[pri:0, instance:mockAPIDataDriven.DataDrivenExample1@a7e666]" name="test_1" duration-ms="35" started-at="2020-03-30T15:19:27 EDT" data-provider="DataForPost" finished-at="2020-03-30T15:19:27 EDT">
          <params>
            <param index="0">
              <value>
                <![CDATA[Tal]]>
              </value>
            </param>
            <param index="1">
              <value>
                <![CDATA[De]]>
              </value>
            </param>
            <param index="2">
              <value>
                <![CDATA[1]]>
              </value>
            </param>
          </params>
          <reporter-output>
          </reporter-output>
        </test-method> <!-- test_1 -->
      </class> <!-- mockAPIDataDriven.DataDrivenExample1 -->
    </test> <!-- Default test -->
  </suite> <!-- Default suite -->
</testng-results>
